INFO 2023-04-17 15:11:13,912 autoreload run_with_reloader 36031 8486771520 Watching for file changes with StatReloader
INFO 2023-04-17 15:15:05,060 autoreload trigger_reload 36031 8486771520 /Users/qiaopengjun/miniconda3/envs/mingde/lib/python3.10/site-packages/pymysql/err.py changed, reloading.
INFO 2023-04-17 15:15:05,582 autoreload run_with_reloader 40088 8486771520 Watching for file changes with StatReloader
INFO 2023-04-17 15:15:14,222 autoreload run_with_reloader 40711 8486771520 Watching for file changes with StatReloader
INFO 2023-04-17 15:16:45,045 autoreload trigger_reload 40711 8486771520 /Users/qiaopengjun/Code/mingde/mingdeapi/mingdeapi/__init__.py changed, reloading.
INFO 2023-04-17 15:16:45,413 autoreload run_with_reloader 40745 8486771520 Watching for file changes with StatReloader
INFO 2023-04-17 15:17:10,027 autoreload run_with_reloader 40759 8486771520 Watching for file changes with StatReloader
INFO 2023-04-17 15:18:00,104 basehttp log_message 40759 6202847232 "GET / HTTP/1.1" 200 10731
WARNING 2023-04-17 15:18:00,152 basehttp log_message 40759 6202847232 "GET /static/admin/css/fonts.css HTTP/1.1" 404 1816
WARNING 2023-04-17 15:18:00,341 log log_response 40759 6219673600 Not Found: /favicon.ico
WARNING 2023-04-17 15:18:00,341 basehttp log_message 40759 6219673600 "GET /favicon.ico HTTP/1.1" 404 2113
INFO 2023-04-18 01:54:56,691 autoreload run_with_reloader 68863 8486771520 Watching for file changes with StatReloader
INFO 2023-04-18 01:55:12,206 autoreload trigger_reload 68863 8486771520 /Users/qiaopengjun/Code/mingde/mingdeapi/mingdeapi/settings/dev.py changed, reloading.
INFO 2023-04-18 01:55:12,429 autoreload run_with_reloader 68878 8486771520 Watching for file changes with StatReloader
INFO 2023-04-18 01:56:49,481 autoreload trigger_reload 68878 8486771520 /Users/qiaopengjun/Code/mingde/mingdeapi/mingdeapi/settings/dev.py changed, reloading.
INFO 2023-04-18 02:17:23,197 autoreload run_with_reloader 69273 8486771520 Watching for file changes with StatReloader
WARNING 2023-04-18 02:17:28,040 log log_response 69273 6195539968 Not Found: /
WARNING 2023-04-18 02:17:28,040 basehttp log_message 69273 6195539968 "GET / HTTP/1.1" 404 2167
WARNING 2023-04-18 02:17:28,277 log log_response 69273 6195539968 Not Found: /favicon.ico
WARNING 2023-04-18 02:17:28,277 basehttp log_message 69273 6195539968 "GET /favicon.ico HTTP/1.1" 404 2218
WARNING 2023-04-18 02:17:35,900 log log_response 69273 6195539968 Not Found: /home
WARNING 2023-04-18 02:17:35,901 basehttp log_message 69273 6195539968 "GET /home HTTP/1.1" 404 2197
INFO 2023-04-18 02:17:45,811 basehttp log_message 69273 6195539968 "GET /home/demo HTTP/1.1" 301 0
INFO 2023-04-18 02:17:45,837 basehttp log_message 69273 6212366336 "GET /home/demo/ HTTP/1.1" 200 5151
INFO 2023-04-18 02:17:45,875 basehttp log_message 69273 6229192704 "GET /static/rest_framework/css/prettify.css HTTP/1.1" 200 817
INFO 2023-04-18 02:17:45,876 basehttp log_message 69273 6246019072 "GET /static/rest_framework/css/default.css HTTP/1.1" 200 1152
INFO 2023-04-18 02:17:45,876 basehttp log_message 69273 6195539968 "GET /static/rest_framework/css/bootstrap-tweaks.css HTTP/1.1" 200 3385
INFO 2023-04-18 02:17:45,877 basehttp log_message 69273 6279671808 "GET /static/rest_framework/js/ajax-form.js HTTP/1.1" 200 3597
INFO 2023-04-18 02:17:45,877 basehttp log_message 69273 6212366336 "GET /static/rest_framework/css/bootstrap.min.css HTTP/1.1" 200 121457
INFO 2023-04-18 02:17:45,877 basehttp log_message 69273 6262845440 "GET /static/rest_framework/js/jquery-3.5.1.min.js HTTP/1.1" 200 89476
INFO 2023-04-18 02:17:45,882 basehttp log_message 69273 6279671808 "GET /static/rest_framework/js/default.js HTTP/1.1" 200 1268
INFO 2023-04-18 02:17:45,882 basehttp log_message 69273 6246019072 "GET /static/rest_framework/js/csrf.js HTTP/1.1" 200 1719
INFO 2023-04-18 02:17:45,882 basehttp log_message 69273 6195539968 "GET /static/rest_framework/js/prettify-min.js HTTP/1.1" 200 13632
INFO 2023-04-18 02:17:45,883 basehttp log_message 69273 6229192704 "GET /static/rest_framework/js/bootstrap.min.js HTTP/1.1" 200 39680
INFO 2023-04-18 02:17:45,899 basehttp log_message 69273 6229192704 "GET /static/rest_framework/img/grid.png HTTP/1.1" 200 1458
INFO 2023-04-18 02:20:10,749 autoreload trigger_reload 69273 8486771520 /Users/qiaopengjun/Code/mingde/mingdeapi/mingdeapi/urls.py changed, reloading.
INFO 2023-04-18 02:20:11,067 autoreload run_with_reloader 69326 8486771520 Watching for file changes with StatReloader
INFO 2023-04-18 02:25:02,129 autoreload trigger_reload 69326 8486771520 /Users/qiaopengjun/Code/mingde/mingdeapi/mingdeapi/settings/dev.py changed, reloading.
INFO 2023-04-18 02:25:02,522 autoreload run_with_reloader 71044 8486771520 Watching for file changes with StatReloader
INFO 2023-04-18 02:27:24,124 autoreload run_with_reloader 71099 8486771520 Watching for file changes with StatReloader
WARNING 2023-04-18 02:27:27,705 log log_response 71099 6130790400 Not Found: /
WARNING 2023-04-18 02:27:27,706 basehttp log_message 71099 6130790400 "GET / HTTP/1.1" 404 2285
INFO 2023-04-18 02:27:33,796 basehttp log_message 71099 6130790400 "GET /docs HTTP/1.1" 301 0
ERROR 2023-04-18 02:27:33,821 log log_response 71099 6147616768 Internal Server Error: /docs/
Traceback (most recent call last):
  File "/Users/qiaopengjun/miniconda3/envs/mingde/lib/python3.10/site-packages/django/core/handlers/exception.py", line 55, in inner
    response = get_response(request)
  File "/Users/qiaopengjun/miniconda3/envs/mingde/lib/python3.10/site-packages/django/core/handlers/base.py", line 220, in _get_response
    response = response.render()
  File "/Users/qiaopengjun/miniconda3/envs/mingde/lib/python3.10/site-packages/django/template/response.py", line 111, in render
    self.content = self.rendered_content
  File "/Users/qiaopengjun/miniconda3/envs/mingde/lib/python3.10/site-packages/rest_framework/response.py", line 70, in rendered_content
    ret = renderer.render(self.data, accepted_media_type, context)
  File "/Users/qiaopengjun/miniconda3/envs/mingde/lib/python3.10/site-packages/rest_framework_swagger/renderers.py", line 54, in render
    self.set_context(data, renderer_context)
  File "/Users/qiaopengjun/miniconda3/envs/mingde/lib/python3.10/site-packages/rest_framework_swagger/renderers.py", line 68, in set_context
    renderer_context['spec'] = OpenAPIRenderer().render(
  File "/Users/qiaopengjun/miniconda3/envs/mingde/lib/python3.10/site-packages/rest_framework_swagger/renderers.py", line 34, in render
    return OpenAPICodec().encode(data, **options)
  File "/Users/qiaopengjun/miniconda3/envs/mingde/lib/python3.10/site-packages/rest_framework_swagger/renderers.py", line 16, in encode
    raise TypeError('Expected a `coreapi.Document` instance')
TypeError: Expected a `coreapi.Document` instance
ERROR 2023-04-18 02:27:33,821 basehttp log_message 71099 6147616768 "GET /docs/ HTTP/1.1" 500 98876
INFO 2023-04-18 02:30:05,612 autoreload run_with_reloader 71165 8486771520 Watching for file changes with StatReloader
ERROR 2023-04-18 02:30:12,659 log log_response 71165 6124859392 Internal Server Error: /docs/
Traceback (most recent call last):
  File "/Users/qiaopengjun/miniconda3/envs/mingde/lib/python3.10/site-packages/django/template/defaulttags.py", line 1026, in find_library
    return parser.libraries[name]
KeyError: 'staticfiles'

During handling of the above exception, another exception occurred:

Traceback (most recent call last):
  File "/Users/qiaopengjun/miniconda3/envs/mingde/lib/python3.10/site-packages/django/core/handlers/exception.py", line 55, in inner
    response = get_response(request)
  File "/Users/qiaopengjun/miniconda3/envs/mingde/lib/python3.10/site-packages/django/core/handlers/base.py", line 220, in _get_response
    response = response.render()
  File "/Users/qiaopengjun/miniconda3/envs/mingde/lib/python3.10/site-packages/django/template/response.py", line 111, in render
    self.content = self.rendered_content
  File "/Users/qiaopengjun/miniconda3/envs/mingde/lib/python3.10/site-packages/rest_framework/response.py", line 70, in rendered_content
    ret = renderer.render(self.data, accepted_media_type, context)
  File "/Users/qiaopengjun/miniconda3/envs/mingde/lib/python3.10/site-packages/rest_framework_swagger/renderers.py", line 55, in render
    return render(
  File "/Users/qiaopengjun/miniconda3/envs/mingde/lib/python3.10/site-packages/django/shortcuts.py", line 24, in render
    content = loader.render_to_string(template_name, context, request, using=using)
  File "/Users/qiaopengjun/miniconda3/envs/mingde/lib/python3.10/site-packages/django/template/loader.py", line 61, in render_to_string
    template = get_template(template_name, using=using)
  File "/Users/qiaopengjun/miniconda3/envs/mingde/lib/python3.10/site-packages/django/template/loader.py", line 15, in get_template
    return engine.get_template(template_name)
  File "/Users/qiaopengjun/miniconda3/envs/mingde/lib/python3.10/site-packages/django/template/backends/django.py", line 33, in get_template
    return Template(self.engine.get_template(template_name), self)
  File "/Users/qiaopengjun/miniconda3/envs/mingde/lib/python3.10/site-packages/django/template/engine.py", line 175, in get_template
    template, origin = self.find_template(template_name)
  File "/Users/qiaopengjun/miniconda3/envs/mingde/lib/python3.10/site-packages/django/template/engine.py", line 157, in find_template
    template = loader.get_template(name, skip=skip)
  File "/Users/qiaopengjun/miniconda3/envs/mingde/lib/python3.10/site-packages/django/template/loaders/cached.py", line 57, in get_template
    template = super().get_template(template_name, skip)
  File "/Users/qiaopengjun/miniconda3/envs/mingde/lib/python3.10/site-packages/django/template/loaders/base.py", line 28, in get_template
    return Template(
  File "/Users/qiaopengjun/miniconda3/envs/mingde/lib/python3.10/site-packages/django/template/base.py", line 154, in __init__
    self.nodelist = self.compile_nodelist()
  File "/Users/qiaopengjun/miniconda3/envs/mingde/lib/python3.10/site-packages/django/template/base.py", line 200, in compile_nodelist
    return parser.parse()
  File "/Users/qiaopengjun/miniconda3/envs/mingde/lib/python3.10/site-packages/django/template/base.py", line 513, in parse
    raise self.error(token, e)
  File "/Users/qiaopengjun/miniconda3/envs/mingde/lib/python3.10/site-packages/django/template/base.py", line 511, in parse
    compiled_result = compile_func(self, token)
  File "/Users/qiaopengjun/miniconda3/envs/mingde/lib/python3.10/site-packages/django/template/defaulttags.py", line 1088, in load
    lib = find_library(parser, name)
  File "/Users/qiaopengjun/miniconda3/envs/mingde/lib/python3.10/site-packages/django/template/defaulttags.py", line 1028, in find_library
    raise TemplateSyntaxError(
django.template.exceptions.TemplateSyntaxError: 'staticfiles' is not a registered tag library. Must be one of:
admin_list
admin_modify
admin_urls
cache
i18n
l10n
log
rest_framework
static
tz
ERROR 2023-04-18 02:30:12,660 basehttp log_message 71165 6124859392 "GET /docs/ HTTP/1.1" 500 195185
INFO 2023-04-18 02:36:34,146 autoreload run_with_reloader 71258 8486771520 Watching for file changes with StatReloader
ERROR 2023-04-18 02:36:48,969 log log_response 71258 6165803008 Internal Server Error: /docs/
Traceback (most recent call last):
  File "/Users/qiaopengjun/miniconda3/envs/mingde/lib/python3.10/site-packages/django/core/handlers/exception.py", line 55, in inner
    response = get_response(request)
  File "/Users/qiaopengjun/miniconda3/envs/mingde/lib/python3.10/site-packages/django/core/handlers/base.py", line 220, in _get_response
    response = response.render()
  File "/Users/qiaopengjun/miniconda3/envs/mingde/lib/python3.10/site-packages/django/template/response.py", line 111, in render
    self.content = self.rendered_content
  File "/Users/qiaopengjun/miniconda3/envs/mingde/lib/python3.10/site-packages/rest_framework/response.py", line 70, in rendered_content
    ret = renderer.render(self.data, accepted_media_type, context)
  File "/Users/qiaopengjun/miniconda3/envs/mingde/lib/python3.10/site-packages/rest_framework_swagger/renderers.py", line 54, in render
    self.set_context(data, renderer_context)
  File "/Users/qiaopengjun/miniconda3/envs/mingde/lib/python3.10/site-packages/rest_framework_swagger/renderers.py", line 68, in set_context
    renderer_context['spec'] = OpenAPIRenderer().render(
  File "/Users/qiaopengjun/miniconda3/envs/mingde/lib/python3.10/site-packages/rest_framework_swagger/renderers.py", line 34, in render
    return OpenAPICodec().encode(data, **options)
  File "/Users/qiaopengjun/miniconda3/envs/mingde/lib/python3.10/site-packages/rest_framework_swagger/renderers.py", line 16, in encode
    raise TypeError('Expected a `coreapi.Document` instance')
TypeError: Expected a `coreapi.Document` instance
ERROR 2023-04-18 02:36:48,970 basehttp log_message 71258 6165803008 "GET /docs/ HTTP/1.1" 500 99013
INFO 2023-04-18 02:42:20,840 autoreload trigger_reload 71258 8486771520 /Users/qiaopengjun/Code/mingde/mingdeapi/mingdeapi/settings/dev.py changed, reloading.
INFO 2023-04-18 02:42:21,272 autoreload run_with_reloader 72205 8486771520 Watching for file changes with StatReloader
INFO 2023-04-18 02:43:06,019 autoreload trigger_reload 72205 8486771520 /Users/qiaopengjun/Code/mingde/mingdeapi/mingdeapi/urls.py changed, reloading.
INFO 2023-04-18 02:43:06,419 autoreload run_with_reloader 72226 8486771520 Watching for file changes with StatReloader
INFO 2023-04-18 02:44:34,161 autoreload trigger_reload 72226 8486771520 /Users/qiaopengjun/Code/mingde/mingdeapi/mingdeapi/urls.py changed, reloading.
INFO 2023-04-18 02:44:34,555 autoreload run_with_reloader 72248 8486771520 Watching for file changes with StatReloader
INFO 2023-04-18 02:45:20,090 autoreload run_with_reloader 72277 8486771520 Watching for file changes with StatReloader
INFO 2023-04-18 02:46:50,499 autoreload run_with_reloader 72312 8486771520 Watching for file changes with StatReloader
WARNING 2023-04-18 02:46:58,748 log log_response 72312 6190592000 Not Found: /docs/
WARNING 2023-04-18 02:46:58,748 basehttp log_message 72312 6190592000 "GET /docs/ HTTP/1.1" 404 2457
INFO 2023-04-18 02:51:02,169 autoreload trigger_reload 72312 8486771520 /Users/qiaopengjun/Code/mingde/mingdeapi/mingdeapi/urls.py changed, reloading.
INFO 2023-04-18 02:51:02,650 autoreload run_with_reloader 72382 8486771520 Watching for file changes with StatReloader
INFO 2023-04-18 02:51:38,025 autoreload trigger_reload 72382 8486771520 /Users/qiaopengjun/Code/mingde/mingdeapi/mingdeapi/urls.py changed, reloading.
INFO 2023-04-18 02:51:38,423 autoreload run_with_reloader 72400 8486771520 Watching for file changes with StatReloader
INFO 2023-04-18 02:51:57,182 autoreload trigger_reload 72400 8486771520 /Users/qiaopengjun/Code/mingde/mingdeapi/mingdeapi/urls.py changed, reloading.
INFO 2023-04-18 02:51:57,618 autoreload run_with_reloader 72412 8486771520 Watching for file changes with StatReloader
WARNING 2023-04-18 02:52:43,300 log log_response 72412 6130921472 Not Found: /redos/
WARNING 2023-04-18 02:52:43,301 basehttp log_message 72412 6130921472 "GET /redos/ HTTP/1.1" 404 2624
ERROR 2023-04-18 02:52:49,103 log log_response 72412 6130921472 Internal Server Error: /redoc/
Traceback (most recent call last):
  File "/Users/qiaopengjun/miniconda3/envs/mingde/lib/python3.10/site-packages/django/core/handlers/exception.py", line 55, in inner
    response = get_response(request)
  File "/Users/qiaopengjun/miniconda3/envs/mingde/lib/python3.10/site-packages/django/core/handlers/base.py", line 197, in _get_response
    response = wrapped_callback(request, *callback_args, **callback_kwargs)
  File "/Users/qiaopengjun/miniconda3/envs/mingde/lib/python3.10/site-packages/django/views/decorators/csrf.py", line 56, in wrapper_view
    return view_func(*args, **kwargs)
  File "/Users/qiaopengjun/miniconda3/envs/mingde/lib/python3.10/site-packages/django/views/generic/base.py", line 104, in view
    return self.dispatch(request, *args, **kwargs)
  File "/Users/qiaopengjun/miniconda3/envs/mingde/lib/python3.10/site-packages/rest_framework/views.py", line 509, in dispatch
    response = self.handle_exception(exc)
  File "/Users/qiaopengjun/miniconda3/envs/mingde/lib/python3.10/site-packages/rest_framework/views.py", line 469, in handle_exception
    self.raise_uncaught_exception(exc)
  File "/Users/qiaopengjun/miniconda3/envs/mingde/lib/python3.10/site-packages/rest_framework/views.py", line 480, in raise_uncaught_exception
    raise exc
  File "/Users/qiaopengjun/miniconda3/envs/mingde/lib/python3.10/site-packages/rest_framework/views.py", line 506, in dispatch
    response = handler(request, *args, **kwargs)
  File "/Users/qiaopengjun/miniconda3/envs/mingde/lib/python3.10/site-packages/drf_yasg2/views.py", line 110, in get
    schema = generator.get_schema(request, self.public)
  File "/Users/qiaopengjun/miniconda3/envs/mingde/lib/python3.10/site-packages/rest_framework/schemas/generators.py", line 226, in get_schema
    raise NotImplementedError(".get_schema() must be implemented in subclasses.")
NotImplementedError: .get_schema() must be implemented in subclasses.
ERROR 2023-04-18 02:52:49,104 basehttp log_message 72412 6130921472 "GET /redoc/ HTTP/1.1" 500 102185
INFO 2023-04-18 02:53:20,459 basehttp log_message 72412 6130921472 "GET /swagger HTTP/1.1" 301 0
ERROR 2023-04-18 02:53:20,493 log log_response 72412 6147747840 Internal Server Error: /swagger/
Traceback (most recent call last):
  File "/Users/qiaopengjun/miniconda3/envs/mingde/lib/python3.10/site-packages/django/core/handlers/exception.py", line 55, in inner
    response = get_response(request)
  File "/Users/qiaopengjun/miniconda3/envs/mingde/lib/python3.10/site-packages/django/core/handlers/base.py", line 197, in _get_response
    response = wrapped_callback(request, *callback_args, **callback_kwargs)
  File "/Users/qiaopengjun/miniconda3/envs/mingde/lib/python3.10/site-packages/django/views/decorators/csrf.py", line 56, in wrapper_view
    return view_func(*args, **kwargs)
  File "/Users/qiaopengjun/miniconda3/envs/mingde/lib/python3.10/site-packages/django/views/generic/base.py", line 104, in view
    return self.dispatch(request, *args, **kwargs)
  File "/Users/qiaopengjun/miniconda3/envs/mingde/lib/python3.10/site-packages/rest_framework/views.py", line 509, in dispatch
    response = self.handle_exception(exc)
  File "/Users/qiaopengjun/miniconda3/envs/mingde/lib/python3.10/site-packages/rest_framework/views.py", line 469, in handle_exception
    self.raise_uncaught_exception(exc)
  File "/Users/qiaopengjun/miniconda3/envs/mingde/lib/python3.10/site-packages/rest_framework/views.py", line 480, in raise_uncaught_exception
    raise exc
  File "/Users/qiaopengjun/miniconda3/envs/mingde/lib/python3.10/site-packages/rest_framework/views.py", line 506, in dispatch
    response = handler(request, *args, **kwargs)
  File "/Users/qiaopengjun/miniconda3/envs/mingde/lib/python3.10/site-packages/drf_yasg2/views.py", line 110, in get
    schema = generator.get_schema(request, self.public)
  File "/Users/qiaopengjun/miniconda3/envs/mingde/lib/python3.10/site-packages/rest_framework/schemas/generators.py", line 226, in get_schema
    raise NotImplementedError(".get_schema() must be implemented in subclasses.")
NotImplementedError: .get_schema() must be implemented in subclasses.
ERROR 2023-04-18 02:53:20,494 basehttp log_message 72412 6147747840 "GET /swagger/ HTTP/1.1" 500 102221
INFO 2023-04-18 02:55:09,824 autoreload run_with_reloader 72483 8486771520 Watching for file changes with StatReloader
INFO 2023-04-18 02:55:27,043 autoreload run_with_reloader 72493 8486771520 Watching for file changes with StatReloader
INFO 2023-04-18 02:55:57,646 autoreload run_with_reloader 72506 8486771520 Watching for file changes with StatReloader
INFO 2023-04-18 03:01:34,824 autoreload run_with_reloader 73985 8486771520 Watching for file changes with StatReloader
INFO 2023-04-18 03:01:57,599 autoreload run_with_reloader 73994 8486771520 Watching for file changes with StatReloader
INFO 2023-04-18 03:03:00,785 autoreload run_with_reloader 74011 8486771520 Watching for file changes with StatReloader
INFO 2023-04-18 03:07:21,297 autoreload run_with_reloader 75569 8486771520 Watching for file changes with StatReloader
INFO 2023-04-18 03:09:01,433 autoreload trigger_reload 75569 8486771520 /Users/qiaopengjun/miniconda3/envs/mingde/lib/python3.10/site-packages/rest_framework/request.py changed, reloading.
INFO 2023-04-18 03:09:02,126 autoreload run_with_reloader 75700 8486771520 Watching for file changes with StatReloader
INFO 2023-04-18 03:09:14,081 autoreload run_with_reloader 76492 8486771520 Watching for file changes with StatReloader
INFO 2023-04-18 03:10:11,007 autoreload run_with_reloader 76513 8486771520 Watching for file changes with StatReloader
INFO 2023-04-18 03:10:38,537 autoreload run_with_reloader 76527 8486771520 Watching for file changes with StatReloader
INFO 2023-04-18 03:12:41,153 autoreload run_with_reloader 76580 8486771520 Watching for file changes with StatReloader
INFO 2023-04-18 03:12:52,268 autoreload run_with_reloader 76588 8486771520 Watching for file changes with StatReloader
INFO 2023-04-18 03:17:11,976 autoreload run_with_reloader 76650 8486771520 Watching for file changes with StatReloader
INFO 2023-04-18 03:17:37,294 autoreload run_with_reloader 76671 8486771520 Watching for file changes with StatReloader
INFO 2023-04-18 03:18:43,635 autoreload run_with_reloader 79091 8486771520 Watching for file changes with StatReloader
INFO 2023-04-18 03:18:58,234 basehttp log_message 79091 6200700928 "GET /home/demo/ HTTP/1.1" 200 5151
INFO 2023-04-18 03:21:59,523 autoreload trigger_reload 79091 8486771520 /Users/qiaopengjun/Code/mingde/mingdeapi/mingdeapi/settings/dev.py changed, reloading.
INFO 2023-04-18 03:21:59,970 autoreload run_with_reloader 79153 8486771520 Watching for file changes with StatReloader
INFO 2023-04-18 03:22:21,565 autoreload trigger_reload 79153 8486771520 /Users/qiaopengjun/Code/mingde/mingdeapi/mingdeapi/urls.py changed, reloading.
INFO 2023-04-18 03:22:21,956 autoreload run_with_reloader 79170 8486771520 Watching for file changes with StatReloader
INFO 2023-04-18 03:22:39,484 autoreload run_with_reloader 79191 8486771520 Watching for file changes with StatReloader
INFO 2023-04-18 03:24:15,829 autoreload run_with_reloader 79994 8486771520 Watching for file changes with StatReloader
WARNING 2023-04-18 03:24:33,729 log log_response 79994 10754224128 Not Found: /docs/
WARNING 2023-04-18 03:24:33,730 basehttp log_message 79994 10754224128 "GET /docs/ HTTP/1.1" 404 2621
WARNING 2023-04-18 03:24:49,065 log log_response 79994 10754224128 Not Found: /docs、
WARNING 2023-04-18 03:24:49,066 basehttp log_message 79994 10754224128 "GET /docs%E3%80%81 HTTP/1.1" 404 2633
WARNING 2023-04-18 03:25:02,591 log log_response 79994 10754224128 Not Found: /docs/redoc
WARNING 2023-04-18 03:25:02,592 basehttp log_message 79994 10754224128 "GET /docs/redoc HTTP/1.1" 404 2636
INFO 2023-04-18 03:25:13,721 basehttp log_message 79994 10754224128 "GET /redoc HTTP/1.1" 301 0
ERROR 2023-04-18 03:25:13,763 log log_response 79994 10771050496 Internal Server Error: /redoc/
Traceback (most recent call last):
  File "/Users/qiaopengjun/miniconda3/envs/mingde/lib/python3.10/site-packages/django/core/handlers/exception.py", line 55, in inner
    response = get_response(request)
  File "/Users/qiaopengjun/miniconda3/envs/mingde/lib/python3.10/site-packages/django/core/handlers/base.py", line 197, in _get_response
    response = wrapped_callback(request, *callback_args, **callback_kwargs)
  File "/Users/qiaopengjun/miniconda3/envs/mingde/lib/python3.10/site-packages/django/views/decorators/csrf.py", line 56, in wrapper_view
    return view_func(*args, **kwargs)
  File "/Users/qiaopengjun/miniconda3/envs/mingde/lib/python3.10/site-packages/django/views/generic/base.py", line 104, in view
    return self.dispatch(request, *args, **kwargs)
  File "/Users/qiaopengjun/miniconda3/envs/mingde/lib/python3.10/site-packages/rest_framework/views.py", line 509, in dispatch
    response = self.handle_exception(exc)
  File "/Users/qiaopengjun/miniconda3/envs/mingde/lib/python3.10/site-packages/rest_framework/views.py", line 469, in handle_exception
    self.raise_uncaught_exception(exc)
  File "/Users/qiaopengjun/miniconda3/envs/mingde/lib/python3.10/site-packages/rest_framework/views.py", line 480, in raise_uncaught_exception
    raise exc
  File "/Users/qiaopengjun/miniconda3/envs/mingde/lib/python3.10/site-packages/rest_framework/views.py", line 506, in dispatch
    response = handler(request, *args, **kwargs)
  File "/Users/qiaopengjun/miniconda3/envs/mingde/lib/python3.10/site-packages/drf_yasg2/views.py", line 110, in get
    schema = generator.get_schema(request, self.public)
  File "/Users/qiaopengjun/miniconda3/envs/mingde/lib/python3.10/site-packages/rest_framework/schemas/generators.py", line 226, in get_schema
    raise NotImplementedError(".get_schema() must be implemented in subclasses.")
NotImplementedError: .get_schema() must be implemented in subclasses.
ERROR 2023-04-18 03:25:13,764 basehttp log_message 79994 10771050496 "GET /redoc/ HTTP/1.1" 500 102185
INFO 2023-04-18 03:29:05,592 autoreload trigger_reload 79994 8486771520 /Users/qiaopengjun/Code/mingde/mingdeapi/mingdeapi/settings/dev.py changed, reloading.
INFO 2023-04-18 03:29:05,871 autoreload run_with_reloader 80083 8486771520 Watching for file changes with StatReloader
INFO 2023-04-18 03:30:05,393 autoreload run_with_reloader 80117 8486771520 Watching for file changes with StatReloader
INFO 2023-04-18 03:30:23,752 autoreload run_with_reloader 80863 8486771520 Watching for file changes with StatReloader
INFO 2023-04-18 03:31:09,896 autoreload trigger_reload 80863 8486771520 /Users/qiaopengjun/miniconda3/envs/mingde/lib/python3.10/site-packages/drf_yasg/errors.py changed, reloading.
INFO 2023-04-18 03:31:10,217 autoreload run_with_reloader 82726 8486771520 Watching for file changes with StatReloader
INFO 2023-04-18 03:31:20,815 autoreload run_with_reloader 83190 8486771520 Watching for file changes with StatReloader
INFO 2023-04-18 03:32:19,535 autoreload trigger_reload 83190 8486771520 /Users/qiaopengjun/Code/mingde/mingdeapi/mingdeapi/settings/dev.py changed, reloading.
INFO 2023-04-18 03:32:19,966 autoreload run_with_reloader 83215 8486771520 Watching for file changes with StatReloader
INFO 2023-04-18 03:34:35,893 autoreload trigger_reload 83215 8486771520 /Users/qiaopengjun/miniconda3/envs/mingde/lib/python3.10/site-packages/drf_yasg/inspectors/query.py changed, reloading.
INFO 2023-04-18 03:34:36,636 autoreload run_with_reloader 85169 8486771520 Watching for file changes with StatReloader
INFO 2023-04-18 03:34:45,728 autoreload run_with_reloader 85624 8486771520 Watching for file changes with StatReloader
INFO 2023-04-18 03:34:55,899 basehttp log_message 85624 6160134144 "GET /redoc/ HTTP/1.1" 200 932
INFO 2023-04-18 03:34:55,933 basehttp log_message 85624 6176960512 "GET /static/drf-yasg/insQ.min.js HTTP/1.1" 200 2093
INFO 2023-04-18 03:34:55,933 basehttp log_message 85624 6160134144 "GET /static/drf-yasg/style.css HTTP/1.1" 200 1047
INFO 2023-04-18 03:34:55,933 basehttp log_message 85624 6193786880 "GET /static/drf-yasg/redoc-init.js HTTP/1.1" 200 2566
INFO 2023-04-18 03:34:55,936 basehttp log_message 85624 6210613248 "GET /static/drf-yasg/redoc/redoc.min.js HTTP/1.1" 200 998563
INFO 2023-04-18 03:34:56,036 basehttp log_message 85624 6210613248 "GET /redoc/?format=openapi HTTP/1.1" 200 661
INFO 2023-04-18 03:34:56,112 basehttp log_message 85624 6210613248 "GET /static/drf-yasg/redoc/redoc-logo.png HTTP/1.1" 200 4969
WARNING 2023-04-18 03:35:26,988 log log_response 85624 6210613248 Not Found: /swagger/
WARNING 2023-04-18 03:35:26,988 basehttp log_message 85624 6210613248 "GET /swagger/ HTTP/1.1" 404 2734
WARNING 2023-04-18 03:35:33,567 log log_response 85624 6210613248 Not Found: /swagger/
WARNING 2023-04-18 03:35:33,568 basehttp log_message 85624 6210613248 "GET /swagger/ HTTP/1.1" 404 2734
INFO 2023-04-18 03:35:55,434 autoreload trigger_reload 85624 8486771520 /Users/qiaopengjun/Code/mingde/mingdeapi/mingdeapi/urls.py changed, reloading.
INFO 2023-04-18 03:35:55,866 autoreload run_with_reloader 85647 8486771520 Watching for file changes with StatReloader
WARNING 2023-04-18 03:35:58,058 log log_response 85647 6133428224 Not Found: /doc/
WARNING 2023-04-18 03:35:58,059 basehttp log_message 85647 6133428224 "GET /doc/ HTTP/1.1" 404 2718
ERROR 2023-04-18 03:36:11,746 log log_response 85647 6133428224 Internal Server Error: /docs/
Traceback (most recent call last):
  File "/Users/qiaopengjun/miniconda3/envs/mingde/lib/python3.10/site-packages/django/core/handlers/exception.py", line 55, in inner
    response = get_response(request)
  File "/Users/qiaopengjun/miniconda3/envs/mingde/lib/python3.10/site-packages/django/core/handlers/base.py", line 197, in _get_response
    response = wrapped_callback(request, *callback_args, **callback_kwargs)
  File "/Users/qiaopengjun/miniconda3/envs/mingde/lib/python3.10/site-packages/django/views/decorators/csrf.py", line 56, in wrapper_view
    return view_func(*args, **kwargs)
  File "/Users/qiaopengjun/miniconda3/envs/mingde/lib/python3.10/site-packages/django/views/generic/base.py", line 104, in view
    return self.dispatch(request, *args, **kwargs)
  File "/Users/qiaopengjun/miniconda3/envs/mingde/lib/python3.10/site-packages/rest_framework/views.py", line 509, in dispatch
    response = self.handle_exception(exc)
  File "/Users/qiaopengjun/miniconda3/envs/mingde/lib/python3.10/site-packages/rest_framework/schemas/views.py", line 48, in handle_exception
    return super().handle_exception(exc)
  File "/Users/qiaopengjun/miniconda3/envs/mingde/lib/python3.10/site-packages/rest_framework/views.py", line 469, in handle_exception
    self.raise_uncaught_exception(exc)
  File "/Users/qiaopengjun/miniconda3/envs/mingde/lib/python3.10/site-packages/rest_framework/views.py", line 480, in raise_uncaught_exception
    raise exc
  File "/Users/qiaopengjun/miniconda3/envs/mingde/lib/python3.10/site-packages/rest_framework/views.py", line 506, in dispatch
    response = handler(request, *args, **kwargs)
  File "/Users/qiaopengjun/miniconda3/envs/mingde/lib/python3.10/site-packages/rest_framework/schemas/views.py", line 37, in get
    schema = self.schema_generator.get_schema(request, self.public)
  File "/Users/qiaopengjun/miniconda3/envs/mingde/lib/python3.10/site-packages/rest_framework/schemas/coreapi.py", line 156, in get_schema
    links = self.get_links(None if public else request)
  File "/Users/qiaopengjun/miniconda3/envs/mingde/lib/python3.10/site-packages/rest_framework/schemas/coreapi.py", line 143, in get_links
    link = view.schema.get_link(path, method, base_url=self.url)
AttributeError: 'AutoSchema' object has no attribute 'get_link'
ERROR 2023-04-18 03:36:11,748 basehttp log_message 85647 6133428224 "GET /docs/ HTTP/1.1" 500 108990
INFO 2023-04-18 03:36:16,770 basehttp log_message 85647 6133428224 "GET /doc HTTP/1.1" 200 2157
INFO 2023-04-18 03:36:16,793 basehttp log_message 85647 6133428224 "GET /static/drf-yasg/style.css HTTP/1.1" 304 0
INFO 2023-04-18 03:36:16,797 basehttp log_message 85647 6133428224 "GET /static/drf-yasg/insQ.min.js HTTP/1.1" 304 0
INFO 2023-04-18 03:36:16,809 basehttp log_message 85647 6217560064 "GET /static/drf-yasg/swagger-ui-init.js HTTP/1.1" 200 14964
INFO 2023-04-18 03:36:16,810 basehttp log_message 85647 6200733696 "GET /static/drf-yasg/immutable.min.js HTTP/1.1" 200 56904
INFO 2023-04-18 03:36:16,812 basehttp log_message 85647 6150254592 "GET /static/drf-yasg/swagger-ui-dist/swagger-ui.css HTTP/1.1" 200 143858
INFO 2023-04-18 03:36:16,817 basehttp log_message 85647 6183907328 "GET /static/drf-yasg/swagger-ui-dist/swagger-ui-standalone-preset.js HTTP/1.1" 200 324275
INFO 2023-04-18 03:36:16,819 basehttp log_message 85647 6167080960 "GET /static/drf-yasg/swagger-ui-dist/swagger-ui-bundle.js HTTP/1.1" 200 1086481
INFO 2023-04-18 03:36:16,915 basehttp log_message 85647 6167080960 "GET /doc?format=openapi HTTP/1.1" 200 661
INFO 2023-04-18 03:36:16,916 basehttp log_message 85647 6183907328 "GET /static/drf-yasg/swagger-ui-dist/favicon-32x32.png HTTP/1.1" 200 628
INFO 2023-04-18 03:38:08,200 autoreload trigger_reload 85647 8486771520 /Users/qiaopengjun/Code/mingde/mingdeapi/mingdeapi/urls.py changed, reloading.
INFO 2023-04-18 03:38:08,704 autoreload run_with_reloader 85686 8486771520 Watching for file changes with StatReloader
INFO 2023-04-18 03:38:26,943 basehttp log_message 85686 6160134144 "GET /home/demo/ HTTP/1.1" 200 2
ERROR 2023-04-18 03:38:44,577 log log_response 85686 6160134144 Internal Server Error: /docs/
Traceback (most recent call last):
  File "/Users/qiaopengjun/miniconda3/envs/mingde/lib/python3.10/site-packages/django/core/handlers/exception.py", line 55, in inner
    response = get_response(request)
  File "/Users/qiaopengjun/miniconda3/envs/mingde/lib/python3.10/site-packages/django/core/handlers/base.py", line 197, in _get_response
    response = wrapped_callback(request, *callback_args, **callback_kwargs)
  File "/Users/qiaopengjun/miniconda3/envs/mingde/lib/python3.10/site-packages/django/views/decorators/csrf.py", line 56, in wrapper_view
    return view_func(*args, **kwargs)
  File "/Users/qiaopengjun/miniconda3/envs/mingde/lib/python3.10/site-packages/django/views/generic/base.py", line 104, in view
    return self.dispatch(request, *args, **kwargs)
  File "/Users/qiaopengjun/miniconda3/envs/mingde/lib/python3.10/site-packages/rest_framework/views.py", line 509, in dispatch
    response = self.handle_exception(exc)
  File "/Users/qiaopengjun/miniconda3/envs/mingde/lib/python3.10/site-packages/rest_framework/schemas/views.py", line 48, in handle_exception
    return super().handle_exception(exc)
  File "/Users/qiaopengjun/miniconda3/envs/mingde/lib/python3.10/site-packages/rest_framework/views.py", line 469, in handle_exception
    self.raise_uncaught_exception(exc)
  File "/Users/qiaopengjun/miniconda3/envs/mingde/lib/python3.10/site-packages/rest_framework/views.py", line 480, in raise_uncaught_exception
    raise exc
  File "/Users/qiaopengjun/miniconda3/envs/mingde/lib/python3.10/site-packages/rest_framework/views.py", line 506, in dispatch
    response = handler(request, *args, **kwargs)
  File "/Users/qiaopengjun/miniconda3/envs/mingde/lib/python3.10/site-packages/rest_framework/schemas/views.py", line 37, in get
    schema = self.schema_generator.get_schema(request, self.public)
  File "/Users/qiaopengjun/miniconda3/envs/mingde/lib/python3.10/site-packages/rest_framework/schemas/coreapi.py", line 156, in get_schema
    links = self.get_links(None if public else request)
  File "/Users/qiaopengjun/miniconda3/envs/mingde/lib/python3.10/site-packages/rest_framework/schemas/coreapi.py", line 143, in get_links
    link = view.schema.get_link(path, method, base_url=self.url)
AttributeError: 'AutoSchema' object has no attribute 'get_link'
ERROR 2023-04-18 03:38:44,578 basehttp log_message 85686 6160134144 "GET /docs/ HTTP/1.1" 500 108990
INFO 2023-04-18 03:38:55,668 basehttp log_message 85686 6160134144 "GET /redoc/ HTTP/1.1" 200 932
INFO 2023-04-18 03:38:55,693 basehttp log_message 85686 6160134144 "GET /static/drf-yasg/style.css HTTP/1.1" 304 0
INFO 2023-04-18 03:38:55,695 basehttp log_message 85686 6160134144 "GET /static/drf-yasg/insQ.min.js HTTP/1.1" 304 0
INFO 2023-04-18 03:38:55,695 basehttp log_message 85686 10754224128 "GET /static/drf-yasg/redoc/redoc.min.js HTTP/1.1" 304 0
INFO 2023-04-18 03:38:55,695 basehttp log_message 85686 10771050496 "GET /static/drf-yasg/redoc-init.js HTTP/1.1" 304 0
INFO 2023-04-18 03:38:55,782 basehttp log_message 85686 10771050496 "GET /redoc/?format=openapi HTTP/1.1" 200 661
INFO 2023-04-18 03:40:09,408 autoreload run_with_reloader 85721 8486771520 Watching for file changes with StatReloader
WARNING 2023-04-18 03:40:12,104 log log_response 85721 6171488256 Not Found: /
WARNING 2023-04-18 03:40:12,104 basehttp log_message 85721 6171488256 "GET / HTTP/1.1" 404 2689
INFO 2023-04-18 03:40:22,546 basehttp log_message 85721 6171488256 "GET /docs1 HTTP/1.1" 301 0
ERROR 2023-04-18 03:40:22,586 log log_response 85721 6188314624 Internal Server Error: /docs1/
Traceback (most recent call last):
  File "/Users/qiaopengjun/miniconda3/envs/mingde/lib/python3.10/site-packages/django/core/handlers/exception.py", line 55, in inner
    response = get_response(request)
  File "/Users/qiaopengjun/miniconda3/envs/mingde/lib/python3.10/site-packages/django/core/handlers/base.py", line 197, in _get_response
    response = wrapped_callback(request, *callback_args, **callback_kwargs)
  File "/Users/qiaopengjun/miniconda3/envs/mingde/lib/python3.10/site-packages/django/views/decorators/csrf.py", line 56, in wrapper_view
    return view_func(*args, **kwargs)
  File "/Users/qiaopengjun/miniconda3/envs/mingde/lib/python3.10/site-packages/django/views/generic/base.py", line 104, in view
    return self.dispatch(request, *args, **kwargs)
  File "/Users/qiaopengjun/miniconda3/envs/mingde/lib/python3.10/site-packages/rest_framework/views.py", line 509, in dispatch
    response = self.handle_exception(exc)
  File "/Users/qiaopengjun/miniconda3/envs/mingde/lib/python3.10/site-packages/rest_framework/schemas/views.py", line 48, in handle_exception
    return super().handle_exception(exc)
  File "/Users/qiaopengjun/miniconda3/envs/mingde/lib/python3.10/site-packages/rest_framework/views.py", line 469, in handle_exception
    self.raise_uncaught_exception(exc)
  File "/Users/qiaopengjun/miniconda3/envs/mingde/lib/python3.10/site-packages/rest_framework/views.py", line 480, in raise_uncaught_exception
    raise exc
  File "/Users/qiaopengjun/miniconda3/envs/mingde/lib/python3.10/site-packages/rest_framework/views.py", line 506, in dispatch
    response = handler(request, *args, **kwargs)
  File "/Users/qiaopengjun/miniconda3/envs/mingde/lib/python3.10/site-packages/rest_framework/schemas/views.py", line 37, in get
    schema = self.schema_generator.get_schema(request, self.public)
  File "/Users/qiaopengjun/miniconda3/envs/mingde/lib/python3.10/site-packages/rest_framework/schemas/coreapi.py", line 156, in get_schema
    links = self.get_links(None if public else request)
  File "/Users/qiaopengjun/miniconda3/envs/mingde/lib/python3.10/site-packages/rest_framework/schemas/coreapi.py", line 143, in get_links
    link = view.schema.get_link(path, method, base_url=self.url)
AttributeError: 'AutoSchema' object has no attribute 'get_link'
ERROR 2023-04-18 03:40:22,587 basehttp log_message 85721 6188314624 "GET /docs1/ HTTP/1.1" 500 109007
INFO 2023-04-18 03:41:14,214 autoreload run_with_reloader 85763 8486771520 Watching for file changes with StatReloader
INFO 2023-04-18 03:41:19,710 basehttp log_message 85763 6138376192 "GET /docs1/ HTTP/1.1" 200 11779
INFO 2023-04-18 03:41:19,750 basehttp log_message 85763 6222508032 "GET /docs1/schema.js HTTP/1.1" 200 504
INFO 2023-04-18 03:41:19,751 basehttp log_message 85763 6172028928 "GET /static/rest_framework/docs/css/base.css HTTP/1.1" 200 6156
INFO 2023-04-18 03:41:19,754 basehttp log_message 85763 6138376192 "GET /static/rest_framework/css/bootstrap-theme.min.css HTTP/1.1" 200 23411
INFO 2023-04-18 03:41:19,754 basehttp log_message 85763 6155202560 "GET /static/rest_framework/css/font-awesome-4.0.3.css HTTP/1.1" 200 21658
INFO 2023-04-18 03:41:19,755 basehttp log_message 85763 6172028928 "GET /static/rest_framework/docs/js/api.js HTTP/1.1" 200 10391
INFO 2023-04-18 03:41:19,755 basehttp log_message 85763 6222508032 "GET /static/rest_framework/docs/js/jquery.json-view.min.js HTTP/1.1" 200 2700
INFO 2023-04-18 03:41:19,755 basehttp log_message 85763 6188855296 "GET /static/rest_framework/docs/css/jquery.json-view.min.css HTTP/1.1" 200 1307
INFO 2023-04-18 03:41:19,756 basehttp log_message 85763 6205681664 "GET /static/rest_framework/js/coreapi-0.1.1.js HTTP/1.1" 200 157600
INFO 2023-04-18 03:41:19,803 basehttp log_message 85763 6188855296 "GET /static/rest_framework/fonts/fontawesome-webfont.woff?v=4.0.3 HTTP/1.1" 200 44432
INFO 2023-04-18 03:41:19,853 basehttp log_message 85763 6188855296 "GET /static/rest_framework/docs/img/favicon.ico HTTP/1.1" 200 5430
INFO 2023-04-18 03:43:34,028 autoreload trigger_reload 85763 8486771520 /Users/qiaopengjun/Code/mingde/mingdeapi/mingdeapi/urls.py changed, reloading.
INFO 2023-04-18 03:43:34,455 autoreload run_with_reloader 85803 8486771520 Watching for file changes with StatReloader
INFO 2023-04-18 03:45:35,144 autoreload trigger_reload 85803 8486771520 /Users/qiaopengjun/Code/mingde/mingdeapi/mingdeapi/urls.py changed, reloading.
INFO 2023-04-18 03:45:35,604 autoreload run_with_reloader 85843 8486771520 Watching for file changes with StatReloader
INFO 2023-04-18 03:47:03,125 autoreload trigger_reload 85843 8486771520 /Users/qiaopengjun/Code/mingde/mingdeapi/mingdeapi/urls.py changed, reloading.
INFO 2023-04-18 03:47:03,575 autoreload run_with_reloader 85875 8486771520 Watching for file changes with StatReloader
INFO 2023-04-18 03:48:41,638 autoreload trigger_reload 85875 8486771520 /Users/qiaopengjun/Code/mingde/mingdeapi/mingdeapi/urls.py changed, reloading.
INFO 2023-04-18 03:48:42,076 autoreload run_with_reloader 85915 8486771520 Watching for file changes with StatReloader
INFO 2023-04-18 03:57:24,062 basehttp log_message 85915 6161231872 "GET /home/demo/ HTTP/1.1" 200 5151
INFO 2023-04-18 04:33:38,096 autoreload trigger_reload 85915 8486771520 /Users/qiaopengjun/Code/mingde/mingdeapi/mingdeapi/settings/dev.py changed, reloading.
INFO 2023-04-18 04:33:38,618 autoreload run_with_reloader 86533 8486771520 Watching for file changes with StatReloader
INFO 2023-04-18 04:46:00,498 basehttp log_message 86533 6199717888 "GET /docs/ HTTP/1.1" 200 11775
INFO 2023-04-18 04:46:00,534 basehttp log_message 86533 6216544256 "GET /static/rest_framework/css/font-awesome-4.0.3.css HTTP/1.1" 304 0
INFO 2023-04-18 04:46:00,536 basehttp log_message 86533 6199717888 "GET /docs/schema.js HTTP/1.1" 200 504
INFO 2023-04-18 04:46:00,536 basehttp log_message 86533 6233370624 "GET /static/rest_framework/docs/css/jquery.json-view.min.css HTTP/1.1" 304 0
INFO 2023-04-18 04:46:00,537 basehttp log_message 86533 6250196992 "GET /static/rest_framework/docs/css/base.css HTTP/1.1" 304 0
INFO 2023-04-18 04:46:00,537 basehttp log_message 86533 6267023360 "GET /static/rest_framework/js/coreapi-0.1.1.js HTTP/1.1" 304 0
INFO 2023-04-18 04:46:00,538 basehttp log_message 86533 6283849728 "GET /static/rest_framework/css/bootstrap-theme.min.css HTTP/1.1" 304 0
INFO 2023-04-18 04:46:00,538 basehttp log_message 86533 6216544256 "GET /static/rest_framework/docs/js/jquery.json-view.min.js HTTP/1.1" 304 0
INFO 2023-04-18 04:46:00,538 basehttp log_message 86533 6199717888 "GET /static/rest_framework/docs/js/api.js HTTP/1.1" 304 0
INFO 2023-04-18 04:46:00,632 basehttp log_message 86533 6199717888 "GET /static/rest_framework/fonts/fontawesome-webfont.woff?v=4.0.3 HTTP/1.1" 304 0
INFO 2023-04-18 04:47:21,977 basehttp log_message 86533 6199717888 "GET /doc HTTP/1.1" 200 2157
INFO 2023-04-18 04:47:22,013 basehttp log_message 86533 6199717888 "GET /static/drf-yasg/style.css HTTP/1.1" 304 0
INFO 2023-04-18 04:47:22,016 basehttp log_message 86533 6216544256 "GET /static/drf-yasg/swagger-ui-dist/swagger-ui-standalone-preset.js HTTP/1.1" 304 0
INFO 2023-04-18 04:47:22,016 basehttp log_message 86533 6233370624 "GET /static/drf-yasg/swagger-ui-init.js HTTP/1.1" 304 0
INFO 2023-04-18 04:47:22,017 basehttp log_message 86533 6267023360 "GET /static/drf-yasg/swagger-ui-dist/swagger-ui.css HTTP/1.1" 304 0
INFO 2023-04-18 04:47:22,017 basehttp log_message 86533 6283849728 "GET /static/drf-yasg/swagger-ui-dist/swagger-ui-bundle.js HTTP/1.1" 304 0
INFO 2023-04-18 04:47:22,017 basehttp log_message 86533 6199717888 "GET /static/drf-yasg/immutable.min.js HTTP/1.1" 304 0
INFO 2023-04-18 04:47:22,018 basehttp log_message 86533 6250196992 "GET /static/drf-yasg/insQ.min.js HTTP/1.1" 304 0
INFO 2023-04-18 04:47:22,146 basehttp log_message 86533 6250196992 "GET /doc?format=openapi HTTP/1.1" 200 698
INFO 2023-04-18 04:48:16,309 basehttp log_message 86533 6250196992 "GET /redoc/ HTTP/1.1" 200 932
INFO 2023-04-18 04:48:16,337 basehttp log_message 86533 6250196992 "GET /static/drf-yasg/redoc-init.js HTTP/1.1" 304 0
INFO 2023-04-18 04:48:16,338 basehttp log_message 86533 6199717888 "GET /static/drf-yasg/redoc/redoc.min.js HTTP/1.1" 304 0
INFO 2023-04-18 04:48:16,473 basehttp log_message 86533 6199717888 "GET /redoc/?format=openapi HTTP/1.1" 200 698
INFO 2023-04-18 04:49:57,289 basehttp log_message 86533 6199717888 "GET /redoc/ HTTP/1.1" 200 932
INFO 2023-04-18 04:49:57,414 basehttp log_message 86533 6199717888 "GET /redoc/?format=openapi HTTP/1.1" 200 698
INFO 2023-04-18 05:20:39,533 autoreload run_with_reloader 21726 8486771520 Watching for file changes with StatReloader
INFO 2023-04-18 05:26:15,580 autoreload run_with_reloader 29903 8486771520 Watching for file changes with StatReloader
WARNING 2023-04-18 05:26:17,313 log log_response 29903 6205468672 Not Found: /
WARNING 2023-04-18 05:26:17,314 basehttp log_message 29903 6205468672 "GET / HTTP/1.1" 404 2688
INFO 2023-04-18 05:26:25,463 basehttp log_message 29903 6205468672 "GET /admin HTTP/1.1" 301 0
INFO 2023-04-18 05:26:25,479 basehttp log_message 29903 6222295040 "GET /admin/ HTTP/1.1" 302 0
INFO 2023-04-18 05:26:25,502 basehttp log_message 29903 6222295040 "GET /admin/login/?next=/admin/ HTTP/1.1" 200 4181
INFO 2023-04-18 05:26:25,554 basehttp log_message 29903 6205468672 "GET /static/admin/css/dark_mode.css HTTP/1.1" 200 2929
INFO 2023-04-18 05:26:25,554 basehttp log_message 29903 6239121408 "GET /static/admin/css/nav_sidebar.css HTTP/1.1" 200 2694
INFO 2023-04-18 05:26:25,554 basehttp log_message 29903 6255947776 "GET /static/admin/css/login.css HTTP/1.1" 200 958
INFO 2023-04-18 05:26:25,554 basehttp log_message 29903 6272774144 "GET /static/admin/css/responsive.css HTTP/1.1" 200 18557
INFO 2023-04-18 05:26:25,554 basehttp log_message 29903 6222295040 "GET /static/admin/css/base.css HTTP/1.1" 200 21207
INFO 2023-04-18 05:26:25,559 basehttp log_message 29903 6222295040 "GET /static/admin/js/nav_sidebar.js HTTP/1.1" 200 3063
INFO 2023-04-18 05:26:25,559 basehttp log_message 29903 6272774144 "GET /static/admin/js/theme.js HTTP/1.1" 200 1943
INFO 2023-04-18 05:26:32,356 basehttp log_message 29903 6272774144 "GET /home/demo/ HTTP/1.1" 200 5151
INFO 2023-05-03 14:45:32,685 autoreload run_with_reloader 97553 8486771520 Watching for file changes with StatReloader
ERROR 2023-05-03 14:45:39,112 exception response_for_exception 97553 6167703552 Invalid HTTP_HOST header: 'api.mingde.cn:8000'. You may need to add 'api.mingde.cn' to ALLOWED_HOSTS.
Traceback (most recent call last):
  File "/Users/qiaopengjun/miniconda3/envs/mingde/lib/python3.10/site-packages/django/core/handlers/exception.py", line 55, in inner
    response = get_response(request)
  File "/Users/qiaopengjun/miniconda3/envs/mingde/lib/python3.10/site-packages/django/utils/deprecation.py", line 133, in __call__
    response = self.process_request(request)
  File "/Users/qiaopengjun/miniconda3/envs/mingde/lib/python3.10/site-packages/django/middleware/common.py", line 48, in process_request
    host = request.get_host()
  File "/Users/qiaopengjun/miniconda3/envs/mingde/lib/python3.10/site-packages/django/http/request.py", line 167, in get_host
    raise DisallowedHost(msg)
django.core.exceptions.DisallowedHost: Invalid HTTP_HOST header: 'api.mingde.cn:8000'. You may need to add 'api.mingde.cn' to ALLOWED_HOSTS.
WARNING 2023-05-03 14:45:39,135 log log_response 97553 6167703552 Bad Request: /
WARNING 2023-05-03 14:45:39,136 basehttp log_message 97553 6167703552 "GET / HTTP/1.1" 400 72514
ERROR 2023-05-03 14:45:39,628 exception response_for_exception 97553 6184529920 Invalid HTTP_HOST header: 'api.mingde.cn:8000'. You may need to add 'api.mingde.cn' to ALLOWED_HOSTS.
Traceback (most recent call last):
  File "/Users/qiaopengjun/miniconda3/envs/mingde/lib/python3.10/site-packages/django/core/handlers/exception.py", line 55, in inner
    response = get_response(request)
  File "/Users/qiaopengjun/miniconda3/envs/mingde/lib/python3.10/site-packages/django/utils/deprecation.py", line 133, in __call__
    response = self.process_request(request)
  File "/Users/qiaopengjun/miniconda3/envs/mingde/lib/python3.10/site-packages/django/middleware/common.py", line 48, in process_request
    host = request.get_host()
  File "/Users/qiaopengjun/miniconda3/envs/mingde/lib/python3.10/site-packages/django/http/request.py", line 167, in get_host
    raise DisallowedHost(msg)
django.core.exceptions.DisallowedHost: Invalid HTTP_HOST header: 'api.mingde.cn:8000'. You may need to add 'api.mingde.cn' to ALLOWED_HOSTS.
WARNING 2023-05-03 14:45:39,638 log log_response 97553 6184529920 Bad Request: /favicon.ico
WARNING 2023-05-03 14:45:39,639 basehttp log_message 97553 6184529920 "GET /favicon.ico HTTP/1.1" 400 72571
INFO 2023-05-03 14:46:53,031 autoreload run_with_reloader 97598 8486771520 Watching for file changes with StatReloader
WARNING 2023-05-03 14:46:56,081 log log_response 97598 6200111104 Not Found: /
WARNING 2023-05-03 14:46:56,081 basehttp log_message 97598 6200111104 "GET / HTTP/1.1" 404 2692
WARNING 2023-05-03 14:46:56,291 log log_response 97598 6200111104 Not Found: /favicon.ico
WARNING 2023-05-03 14:46:56,291 basehttp log_message 97598 6200111104 "GET /favicon.ico HTTP/1.1" 404 2743
WARNING 2023-05-03 14:47:06,150 log log_response 97598 6200111104 Not Found: /home
WARNING 2023-05-03 14:47:06,151 basehttp log_message 97598 6200111104 "GET /home HTTP/1.1" 404 2722
WARNING 2023-05-03 14:47:25,183 log log_response 97598 6200111104 Not Found: /home/
WARNING 2023-05-03 14:47:25,184 basehttp log_message 97598 6200111104 "GET /home/ HTTP/1.1" 404 2777
INFO 2023-05-03 14:47:34,736 basehttp log_message 97598 6200111104 "GET /home/demo HTTP/1.1" 301 0
INFO 2023-05-03 14:47:34,768 basehttp log_message 97598 6216937472 "GET /home/demo/ HTTP/1.1" 200 5151
INFO 2023-05-03 14:47:34,800 basehttp log_message 97598 6200111104 "GET /static/rest_framework/css/bootstrap-tweaks.css HTTP/1.1" 200 3385
INFO 2023-05-03 14:47:34,801 basehttp log_message 97598 6250590208 "GET /static/rest_framework/css/default.css HTTP/1.1" 200 1152
INFO 2023-05-03 14:47:34,801 basehttp log_message 97598 6284242944 "GET /static/rest_framework/js/ajax-form.js HTTP/1.1" 200 3597
INFO 2023-05-03 14:47:34,802 basehttp log_message 97598 6233763840 "GET /static/rest_framework/css/prettify.css HTTP/1.1" 200 817
INFO 2023-05-03 14:47:34,803 basehttp log_message 97598 6267416576 "GET /static/rest_framework/js/jquery-3.5.1.min.js HTTP/1.1" 200 89476
INFO 2023-05-03 14:47:34,804 basehttp log_message 97598 6216937472 "GET /static/rest_framework/css/bootstrap.min.css HTTP/1.1" 200 121457
INFO 2023-05-03 14:47:34,809 basehttp log_message 97598 6233763840 "GET /static/rest_framework/js/default.js HTTP/1.1" 200 1268
INFO 2023-05-03 14:47:34,809 basehttp log_message 97598 6250590208 "GET /static/rest_framework/js/csrf.js HTTP/1.1" 200 1719
INFO 2023-05-03 14:47:34,810 basehttp log_message 97598 6284242944 "GET /static/rest_framework/js/prettify-min.js HTTP/1.1" 200 13632
INFO 2023-05-03 14:47:34,810 basehttp log_message 97598 6200111104 "GET /static/rest_framework/js/bootstrap.min.js HTTP/1.1" 200 39680
INFO 2023-05-03 14:47:34,821 basehttp log_message 97598 6200111104 "GET /static/rest_framework/img/grid.png HTTP/1.1" 200 1458
INFO 2023-05-03 15:08:02,688 autoreload trigger_reload 97598 8486771520 /Users/qiaopengjun/Code/mingde/mingdeapi/mingdeapi/settings/dev.py changed, reloading.
INFO 2023-05-03 15:08:03,317 autoreload run_with_reloader 2424 8486771520 Watching for file changes with StatReloader
INFO 2023-05-03 15:08:29,299 autoreload trigger_reload 2424 8486771520 /Users/qiaopengjun/Code/mingde/mingdeapi/mingdeapi/settings/dev.py changed, reloading.
INFO 2023-05-03 15:08:29,745 autoreload run_with_reloader 2438 8486771520 Watching for file changes with StatReloader
INFO 2023-05-03 15:10:43,993 autoreload trigger_reload 2438 8486771520 /Users/qiaopengjun/Code/mingde/mingdeapi/mingdeapi/settings/dev.py changed, reloading.
INFO 2023-05-03 15:10:44,510 autoreload run_with_reloader 2464 8486771520 Watching for file changes with StatReloader
INFO 2023-05-03 15:11:02,288 autoreload trigger_reload 2464 8486771520 /Users/qiaopengjun/Code/mingde/mingdeapi/mingdeapi/settings/dev.py changed, reloading.
INFO 2023-05-03 15:11:02,713 autoreload run_with_reloader 2485 8486771520 Watching for file changes with StatReloader
INFO 2023-05-03 15:14:06,569 autoreload trigger_reload 2485 8486771520 /Users/qiaopengjun/Code/mingde/mingdeapi/mingdeapi/settings/dev.py changed, reloading.
INFO 2023-05-03 15:14:07,092 autoreload run_with_reloader 2559 8486771520 Watching for file changes with StatReloader
INFO 2023-05-03 15:15:02,933 autoreload trigger_reload 2559 8486771520 /Users/qiaopengjun/Code/mingde/mingdeapi/mingdeapi/settings/dev.py changed, reloading.
INFO 2023-05-03 15:15:03,416 autoreload run_with_reloader 2584 8486771520 Watching for file changes with StatReloader
INFO 2023-05-03 15:19:43,217 basehttp handle_error 2584 10888441856 - Broken pipe from ('127.0.0.1', 62229)
INFO 2023-05-03 15:19:43,328 basehttp log_message 2584 10888441856 "GET /home/demo/ HTTP/1.1" 200 2
INFO 2023-05-03 15:20:02,503 basehttp log_message 2584 10888441856 "GET /home/demo/ HTTP/1.1" 200 2
INFO 2023-05-03 15:21:59,889 basehttp log_message 2584 10905268224 "GET /home/demo/ HTTP/1.1" 200 5151
INFO 2023-05-03 15:22:01,371 basehttp log_message 2584 10905268224 "GET /home/demo/ HTTP/1.1" 200 5151
INFO 2023-05-03 15:22:17,818 basehttp log_message 2584 10888441856 "GET /home/demo/ HTTP/1.1" 200 2
INFO 2023-05-03 15:23:31,560 autoreload trigger_reload 2584 8486771520 /Users/qiaopengjun/Code/mingde/mingdeapi/mingdeapi/settings/dev.py changed, reloading.
INFO 2023-05-03 15:23:32,113 autoreload run_with_reloader 6609 8486771520 Watching for file changes with StatReloader
INFO 2023-05-03 15:23:36,501 basehttp log_message 6609 6171865088 "GET /home/demo/ HTTP/1.1" 200 2
INFO 2023-05-03 15:24:21,084 basehttp log_message 6609 10754224128 "GET /home/demo/ HTTP/1.1" 200 2
INFO 2023-05-03 15:24:25,005 basehttp log_message 6609 10754224128 "GET /home/demo/ HTTP/1.1" 200 2
INFO 2023-05-03 15:29:13,569 autoreload trigger_reload 6609 8486771520 /Users/qiaopengjun/Code/mingde/mingdeapi/mingdeapi/settings/dev.py changed, reloading.
INFO 2023-05-03 15:29:14,120 autoreload run_with_reloader 10577 8486771520 Watching for file changes with StatReloader
INFO 2023-05-03 15:33:52,072 basehttp log_message 10577 6160887808 "GET /home/demo/ HTTP/1.1" 200 2
INFO 2023-05-03 15:59:51,230 basehttp log_message 10577 6160887808 "GET /home/demo/ HTTP/1.1" 200 2
INFO 2023-06-26 03:23:46,788 autoreload run_with_reloader 67203 8510889472 Watching for file changes with StatReloader
INFO 2023-06-26 06:03:57,320 autoreload run_with_reloader 72868 8510889472 Watching for file changes with StatReloader
WARNING 2023-06-26 06:04:25,578 log log_response 72868 6125744128 Not Found: /
WARNING 2023-06-26 06:04:25,580 basehttp log_message 72868 6125744128 "GET / HTTP/1.1" 404 2692
WARNING 2023-06-26 06:04:26,198 log log_response 72868 6125744128 Not Found: /favicon.ico
WARNING 2023-06-26 06:04:26,199 basehttp log_message 72868 6125744128 "GET /favicon.ico HTTP/1.1" 404 2743
INFO 2023-06-26 06:04:41,712 basehttp log_message 72868 6125744128 "GET /doc HTTP/1.1" 200 2157
INFO 2023-06-26 06:04:41,760 basehttp log_message 72868 6125744128 "GET /static/drf-yasg/style.css HTTP/1.1" 200 1047
INFO 2023-06-26 06:04:41,765 basehttp log_message 72868 6142570496 "GET /static/drf-yasg/swagger-ui-dist/swagger-ui.css HTTP/1.1" 200 143858
INFO 2023-06-26 06:04:41,768 basehttp log_message 72868 6325039104 "GET /static/drf-yasg/insQ.min.js HTTP/1.1" 200 2093
INFO 2023-06-26 06:04:41,772 basehttp log_message 72868 6159396864 "GET /static/drf-yasg/swagger-ui-dist/swagger-ui-standalone-preset.js HTTP/1.1" 200 324275
INFO 2023-06-26 06:04:41,773 basehttp log_message 72868 6341865472 "GET /static/drf-yasg/immutable.min.js HTTP/1.1" 200 56904
INFO 2023-06-26 06:04:41,775 basehttp log_message 72868 6325039104 "GET /static/drf-yasg/swagger-ui-init.js HTTP/1.1" 200 14964
INFO 2023-06-26 06:04:41,775 basehttp log_message 72868 6125744128 "GET /static/drf-yasg/swagger-ui-dist/swagger-ui-bundle.js HTTP/1.1" 200 1086481
INFO 2023-06-26 06:04:41,976 basehttp log_message 72868 6125744128 "GET /static/drf-yasg/swagger-ui-dist/favicon-32x32.png HTTP/1.1" 200 628
INFO 2023-06-26 06:04:42,004 basehttp log_message 72868 6125744128 "GET /doc?format=openapi HTTP/1.1" 200 1336
INFO 2023-06-26 06:04:53,666 basehttp log_message 72868 6125744128 "GET /docs HTTP/1.1" 301 0
INFO 2023-06-26 06:04:53,697 basehttp log_message 72868 6325039104 "GET /docs/ HTTP/1.1" 200 15746
INFO 2023-06-26 06:04:53,743 basehttp log_message 72868 6142570496 "GET /static/rest_framework/docs/css/base.css HTTP/1.1" 200 6156
INFO 2023-06-26 06:04:53,744 basehttp log_message 72868 6125744128 "GET /static/rest_framework/docs/css/jquery.json-view.min.css HTTP/1.1" 200 1307
INFO 2023-06-26 06:04:53,745 basehttp log_message 72868 6341865472 "GET /static/rest_framework/css/font-awesome-4.0.3.css HTTP/1.1" 200 21658
INFO 2023-06-26 06:04:53,745 basehttp log_message 72868 6159396864 "GET /static/rest_framework/css/bootstrap-theme.min.css HTTP/1.1" 200 23411
INFO 2023-06-26 06:04:53,745 basehttp log_message 72868 6325039104 "GET /static/rest_framework/css/bootstrap.min.css HTTP/1.1" 200 121457
INFO 2023-06-26 06:04:53,746 basehttp log_message 72868 6358691840 "GET /static/rest_framework/js/coreapi-0.1.1.js HTTP/1.1" 200 157600
INFO 2023-06-26 06:04:53,750 basehttp log_message 72868 6358691840 "GET /static/rest_framework/docs/js/api.js HTTP/1.1" 200 10391
INFO 2023-06-26 06:04:53,750 basehttp log_message 72868 6341865472 "GET /static/rest_framework/docs/js/jquery.json-view.min.js HTTP/1.1" 200 2700
INFO 2023-06-26 06:04:53,750 basehttp log_message 72868 6142570496 "GET /docs/schema.js HTTP/1.1" 200 624
INFO 2023-06-26 06:04:53,751 basehttp log_message 72868 6159396864 "GET /static/rest_framework/js/bootstrap.min.js HTTP/1.1" 200 39680
INFO 2023-06-26 06:04:53,751 basehttp log_message 72868 6125744128 "GET /static/rest_framework/js/jquery-3.5.1.min.js HTTP/1.1" 200 89476
INFO 2023-06-26 06:04:53,891 basehttp log_message 72868 6125744128 "GET /static/rest_framework/fonts/fontawesome-webfont.woff?v=4.0.3 HTTP/1.1" 200 44432
INFO 2023-06-26 06:04:53,970 basehttp log_message 72868 6125744128 "GET /static/rest_framework/docs/img/favicon.ico HTTP/1.1" 200 5430
INFO 2023-06-26 06:05:03,691 basehttp log_message 72868 6125744128 "GET /redoc HTTP/1.1" 301 0
INFO 2023-06-26 06:05:03,699 basehttp log_message 72868 6159396864 "GET /redoc/ HTTP/1.1" 200 932
INFO 2023-06-26 06:05:03,739 basehttp log_message 72868 6159396864 "GET /static/drf-yasg/redoc-init.js HTTP/1.1" 200 2566
INFO 2023-06-26 06:05:03,742 basehttp log_message 72868 6341865472 "GET /static/drf-yasg/redoc/redoc.min.js HTTP/1.1" 200 998563
INFO 2023-06-26 06:05:03,898 basehttp log_message 72868 6341865472 "GET /redoc/?format=openapi HTTP/1.1" 200 1336
INFO 2023-06-26 06:05:03,898 basehttp log_message 72868 6159396864 "GET /static/drf-yasg/redoc/redoc-logo.png HTTP/1.1" 200 4969
WARNING 2023-06-26 06:05:09,655 log log_response 72868 6159396864 Not Found: /
WARNING 2023-06-26 06:05:09,656 basehttp log_message 72868 6159396864 "GET / HTTP/1.1" 404 2692
WARNING 2023-06-26 06:05:51,213 log log_response 72868 6159396864 Not Found: /home
WARNING 2023-06-26 06:05:51,215 basehttp log_message 72868 6159396864 "GET /home HTTP/1.1" 404 2722
INFO 2023-06-26 06:06:21,635 basehttp log_message 72868 6159396864 "GET /home/nav/header HTTP/1.1" 301 0
INFO 2023-06-26 06:06:21,697 basehttp log_message 72868 6341865472 "GET /home/nav/header/ HTTP/1.1" 200 6074
INFO 2023-06-26 06:06:21,753 basehttp log_message 72868 6358691840 "GET /static/rest_framework/css/default.css HTTP/1.1" 200 1152
INFO 2023-06-26 06:06:21,753 basehttp log_message 72868 6341865472 "GET /static/rest_framework/css/bootstrap-tweaks.css HTTP/1.1" 200 3385
INFO 2023-06-26 06:06:21,754 basehttp log_message 72868 6142570496 "GET /static/rest_framework/css/prettify.css HTTP/1.1" 200 817
INFO 2023-06-26 06:06:21,754 basehttp log_message 72868 6159396864 "GET /static/rest_framework/js/prettify-min.js HTTP/1.1" 200 13632
INFO 2023-06-26 06:06:21,754 basehttp log_message 72868 6325039104 "GET /static/rest_framework/js/ajax-form.js HTTP/1.1" 200 3597
INFO 2023-06-26 06:06:21,754 basehttp log_message 72868 6125744128 "GET /static/rest_framework/js/csrf.js HTTP/1.1" 200 1719
INFO 2023-06-26 06:06:21,756 basehttp log_message 72868 6341865472 "GET /static/rest_framework/js/default.js HTTP/1.1" 200 1268
INFO 2023-06-26 06:06:21,864 basehttp log_message 72868 6341865472 "GET /static/rest_framework/img/grid.png HTTP/1.1" 200 1458
INFO 2023-06-26 06:10:05,393 basehttp log_message 72868 6341865472 "GET /home/nav/footer/ HTTP/1.1" 200 6291
INFO 2023-06-26 06:33:07,834 autoreload run_with_reloader 77402 8510889472 Watching for file changes with StatReloader
INFO 2023-06-26 09:51:20,421 autoreload run_with_reloader 7836 8272076288 Watching for file changes with StatReloader
WARNING 2023-06-26 09:51:44,860 log log_response 7836 6325039104 Not Found: /nav/header/
WARNING 2023-06-26 09:51:44,860 log log_response 7836 6167244800 Not Found: /home/demo/
WARNING 2023-06-26 09:51:44,861 basehttp log_message 7836 6325039104 "GET /nav/header/ HTTP/1.1" 404 2743
WARNING 2023-06-26 09:51:44,861 basehttp log_message 7836 6167244800 "GET /home/demo/ HTTP/1.1" 404 2961
WARNING 2023-06-26 09:52:20,781 log log_response 7836 6341865472 Not Found: /nav/header/
WARNING 2023-06-26 09:52:20,782 basehttp log_message 7836 6341865472 "GET /nav/header/ HTTP/1.1" 404 2743
WARNING 2023-06-26 09:52:21,348 log log_response 7836 6341865472 Not Found: /favicon.ico
WARNING 2023-06-26 09:52:21,349 basehttp log_message 7836 6341865472 "GET /favicon.ico HTTP/1.1" 404 2743
INFO 2023-06-26 09:56:18,513 basehttp log_message 7836 6167244800 "GET /home/nav/header/ HTTP/1.1" 200 292
INFO 2023-06-26 10:00:58,184 basehttp log_message 7836 6325039104 "GET /home/nav/header/ HTTP/1.1" 200 292
WARNING 2023-06-26 10:00:58,185 log log_response 7836 6167244800 Not Found: /home/demo/
INFO 2023-06-26 10:00:58,187 basehttp log_message 7836 6341865472 "GET /home/nav/footer/ HTTP/1.1" 200 386
WARNING 2023-06-26 10:00:58,187 basehttp log_message 7836 6167244800 "GET /home/demo/ HTTP/1.1" 404 2961
WARNING 2023-06-26 10:04:41,023 log log_response 7836 6167244800 Not Found: /nav/footer/
WARNING 2023-06-26 10:04:41,024 basehttp log_message 7836 6167244800 "GET /nav/footer/ HTTP/1.1" 404 2743
INFO 2023-06-26 10:04:41,381 autoreload trigger_reload 7836 8272076288 /Users/qiaopengjun/Code/mingde/mingdeapi/mingdeapi/urls.py changed, reloading.
INFO 2023-06-26 10:04:41,951 autoreload run_with_reloader 8089 8272076288 Watching for file changes with StatReloader
WARNING 2023-06-26 10:06:47,861 log log_response 8089 6161756160 Not Found: /home/demo/
WARNING 2023-06-26 10:06:47,861 basehttp log_message 8089 6161756160 "GET /home/demo/ HTTP/1.1" 404 2951
INFO 2023-06-26 10:06:47,863 basehttp log_message 8089 6195408896 "GET /nav/footer/ HTTP/1.1" 200 386
INFO 2023-06-26 10:06:47,864 basehttp log_message 8089 6178582528 "GET /nav/header/ HTTP/1.1" 200 292
INFO 2023-06-26 10:07:54,934 basehttp log_message 8089 6161756160 "GET /nav/footer/ HTTP/1.1" 200 386
INFO 2023-06-26 10:07:54,935 basehttp log_message 8089 6195408896 "GET /nav/header/ HTTP/1.1" 200 292
WARNING 2023-06-26 10:07:54,936 log log_response 8089 6178582528 Not Found: /home/demo/
WARNING 2023-06-26 10:07:54,937 basehttp log_message 8089 6178582528 "GET /home/demo/ HTTP/1.1" 404 2951
WARNING 2023-06-26 10:09:51,681 log log_response 8089 6178582528 Not Found: /home/demo/
INFO 2023-06-26 10:09:51,685 basehttp log_message 8089 6161756160 "GET /nav/footer/ HTTP/1.1" 200 386
WARNING 2023-06-26 10:09:51,686 basehttp log_message 8089 6178582528 "GET /home/demo/ HTTP/1.1" 404 2951
INFO 2023-06-26 10:09:51,688 basehttp log_message 8089 6195408896 "GET /nav/header/ HTTP/1.1" 200 292
INFO 2023-06-26 10:10:10,610 basehttp log_message 8089 6178582528 "GET /nav/header/ HTTP/1.1" 200 292
INFO 2023-06-26 10:10:10,613 basehttp log_message 8089 6161756160 "GET /nav/footer/ HTTP/1.1" 200 386
WARNING 2023-06-26 10:10:10,614 log log_response 8089 6195408896 Not Found: /home/demo/
WARNING 2023-06-26 10:10:10,615 basehttp log_message 8089 6195408896 "GET /home/demo/ HTTP/1.1" 404 2951
INFO 2023-06-26 10:33:06,914 autoreload run_with_reloader 11536 8272076288 Watching for file changes with StatReloader
INFO 2023-06-26 10:40:17,992 autoreload run_with_reloader 13439 8272076288 Watching for file changes with StatReloader
INFO 2023-06-26 10:41:03,461 autoreload trigger_reload 13439 8272076288 /Users/qiaopengjun/Code/mingde/mingdeapi/mingdeapi/settings/dev.py changed, reloading.
INFO 2023-06-26 10:41:03,982 autoreload run_with_reloader 13447 8272076288 Watching for file changes with StatReloader
INFO 2023-06-26 10:41:25,762 autoreload run_with_reloader 13463 8272076288 Watching for file changes with StatReloader
INFO 2023-06-26 10:44:17,634 autoreload run_with_reloader 14503 8272076288 Watching for file changes with StatReloader
WARNING 2023-06-26 10:45:04,729 log log_response 14503 6122024960 Not Found: /
WARNING 2023-06-26 10:45:04,730 basehttp log_message 14503 6122024960 "GET / HTTP/1.1" 404 2903
WARNING 2023-06-26 10:45:05,411 log log_response 14503 6122024960 Not Found: /favicon.ico
WARNING 2023-06-26 10:45:05,411 basehttp log_message 14503 6122024960 "GET /favicon.ico HTTP/1.1" 404 2954
INFO 2023-06-26 10:45:12,164 basehttp log_message 14503 6155677696 "GET /nav/header/ HTTP/1.1" 200 292
INFO 2023-06-26 10:45:12,164 basehttp log_message 14503 6172504064 "GET /nav/footer/ HTTP/1.1" 200 386
INFO 2023-06-26 10:47:25,042 basehttp log_message 14503 6172504064 "GET /nav/header/ HTTP/1.1" 200 292
INFO 2023-06-26 10:48:01,924 basehttp log_message 14503 6172504064 "GET /nav/header/ HTTP/1.1" 200 292
INFO 2023-06-26 10:51:26,838 basehttp log_message 14503 6172504064 "GET /nav/header/ HTTP/1.1" 200 292
INFO 2023-06-26 10:54:28,725 basehttp log_message 14503 6172504064 "GET /nav/header/ HTTP/1.1" 200 292
INFO 2023-06-26 10:54:52,593 basehttp log_message 14503 6172504064 "GET /nav/header/ HTTP/1.1" 200 292
INFO 2023-06-26 10:55:16,766 basehttp log_message 14503 6172504064 "GET /nav/header/ HTTP/1.1" 200 292
INFO 2023-06-26 10:55:46,386 basehttp log_message 14503 6172504064 "GET /nav/header/ HTTP/1.1" 200 292
INFO 2023-06-26 10:56:10,260 basehttp log_message 14503 6172504064 "GET /nav/header/ HTTP/1.1" 200 292
INFO 2023-06-26 10:56:53,596 basehttp log_message 14503 6172504064 "GET /nav/header/ HTTP/1.1" 200 292
INFO 2023-06-26 10:58:01,245 basehttp log_message 14503 6172504064 "GET /nav/header/ HTTP/1.1" 200 292
INFO 2023-06-26 10:58:01,247 basehttp log_message 14503 6122024960 "GET /nav/footer/ HTTP/1.1" 200 386
INFO 2023-06-26 11:02:01,456 basehttp log_message 14503 6172504064 "GET /nav/footer/ HTTP/1.1" 200 386
INFO 2023-06-26 11:02:01,456 basehttp log_message 14503 6122024960 "GET /nav/header/ HTTP/1.1" 200 292
INFO 2023-06-26 11:03:56,908 basehttp log_message 14503 6122024960 "GET /nav/header/ HTTP/1.1" 200 292
INFO 2023-06-26 11:03:56,909 basehttp log_message 14503 6172504064 "GET /nav/footer/ HTTP/1.1" 200 386
